
Showing logs for build [32mcb-kubecd-environment-pr-86-8-b-4mdht-1[0m stage [32mfrom-build-pack[0m and container [32mstep-credential-initializer-l29g5[0m
{"level":"warn","ts":1574878751.045729,"logger":"fallback-logger","caller":"logging/config.go:69","msg":"Fetch GitHub commit ID from kodata failed: \"ref: refs/heads/master\" is not a valid GitHub commit ID"}
{"level":"info","ts":1574878751.0474548,"logger":"fallback-logger","caller":"creds-init/main.go:40","msg":"Credentials initialized."}

Showing logs for build [32mcb-kubecd-environment-pr-86-8-b-4mdht-1[0m stage [32mfrom-build-pack[0m and container [32mstep-working-dir-initializer-lnfpf[0m
{"level":"warn","ts":1574878752.152294,"logger":"fallback-logger","caller":"logging/config.go:69","msg":"Fetch GitHub commit ID from kodata failed: open /var/run/ko/HEAD: no such file or directory"}
{"level":"info","ts":1574878752.1580536,"logger":"fallback-logger","caller":"bash/main.go:65","msg":"Successfully executed command \"mkdir -p /workspace/source\""}

Showing logs for build [32mcb-kubecd-environment-pr-86-8-b-4mdht-1[0m stage [32mfrom-build-pack[0m and container [32mstep-place-tools[0m

Showing logs for build [32mcb-kubecd-environment-pr-86-8-b-4mdht-1[0m stage [32mfrom-build-pack[0m and container [32mstep-git-source-cb-kubecd-environment-pr-86-8-b-7xlcv[0m
{"level":"warn","ts":1574878757.3563843,"logger":"fallback-logger","caller":"logging/config.go:69","msg":"Fetch GitHub commit ID from kodata failed: \"ref: refs/heads/master\" is not a valid GitHub commit ID"}
{"level":"info","ts":1574878758.4946332,"logger":"fallback-logger","caller":"git/git.go:102","msg":"Successfully cloned https://github.com/cb-kubecd/environment-pr-86-8-boot-vault-gke-staging.git @ master in path /workspace/source"}

Showing logs for build [32mcb-kubecd-environment-pr-86-8-b-4mdht-1[0m stage [32mfrom-build-pack[0m and container [32mstep-git-merge[0m
Using SHAs from PULL_REFS=master:108055c118de682b4c964ad168c3a96b7c1372c6,2:3d400797138d49365747dd51139fd476c674a978
DEBUG: ran git fetch --unshallow origin 3d400797138d49365747dd51139fd476c674a978: 108055c118de682b4c964ad168c3a96b7c1372c6: in 
DEBUG: ran git checkout master in 
DEBUG: ran git reset --hard 108055c118de682b4c964ad168c3a96b7c1372c6 in 
DEBUG: ran clean --force -d . in 
DEBUG: ran git merge 3d400797138d49365747dd51139fd476c674a978 in 
Merged SHA 3d400797138d49365747dd51139fd476c674a978 with commit message 'chore: Promote bdd-sbhg-1574878375 to version 0.0.1' into base branch master

Showing logs for build [32mcb-kubecd-environment-pr-86-8-b-4mdht-1[0m stage [32mfrom-build-pack[0m and container [32mstep-build-helm-build[0m
WARNING: No $CHART_REPOSITORY defined so using the default value of: http://jenkins-x-chartmuseum:8080
Adding missing Helm repo: storage.googleapis.com https://storage.googleapis.com/chartmuseum.jenkins-x.io
Read credentials for https://storage.googleapis.com/chartmuseum.jenkins-x.io from vault helm/repos
Successfully added Helm repository storage.googleapis.com.
Adding missing Helm repo: jenkins-x-chartmuseum http://jenkins-x-chartmuseum:8080
Read credentials for http://jenkins-x-chartmuseum:8080 from vault helm/repos
Successfully added Helm repository jenkins-x-chartmuseum.
WARNING: No $CHART_REPOSITORY defined so using the default value of: http://jenkins-x-chartmuseum:8080
Adding missing Helm repo: chartmuseum.jenkins-x.io http://chartmuseum.jenkins-x.io
Read credentials for http://chartmuseum.jenkins-x.io from vault helm/repos
Successfully added Helm repository chartmuseum.jenkins-x.io.
