
Showing logs for build [32mcb-kubecd-environment-pr-86-8-b-tj4mz-1[0m stage [32mfrom-build-pack[0m and container [32mstep-credential-initializer-crmtx[0m
{"level":"warn","ts":1574881275.3454792,"logger":"fallback-logger","caller":"logging/config.go:69","msg":"Fetch GitHub commit ID from kodata failed: \"ref: refs/heads/master\" is not a valid GitHub commit ID"}
{"level":"info","ts":1574881275.346812,"logger":"fallback-logger","caller":"creds-init/main.go:40","msg":"Credentials initialized."}

Showing logs for build [32mcb-kubecd-environment-pr-86-8-b-tj4mz-1[0m stage [32mfrom-build-pack[0m and container [32mstep-working-dir-initializer-zw6gh[0m
{"level":"warn","ts":1574881276.3963463,"logger":"fallback-logger","caller":"logging/config.go:69","msg":"Fetch GitHub commit ID from kodata failed: open /var/run/ko/HEAD: no such file or directory"}
{"level":"info","ts":1574881276.3989656,"logger":"fallback-logger","caller":"bash/main.go:65","msg":"Successfully executed command \"mkdir -p /workspace/source\""}

Showing logs for build [32mcb-kubecd-environment-pr-86-8-b-tj4mz-1[0m stage [32mfrom-build-pack[0m and container [32mstep-place-tools[0m

Showing logs for build [32mcb-kubecd-environment-pr-86-8-b-tj4mz-1[0m stage [32mfrom-build-pack[0m and container [32mstep-git-source-cb-kubecd-environment-pr-86-8-b-m2g4g[0m
{"level":"warn","ts":1574881281.6157215,"logger":"fallback-logger","caller":"logging/config.go:69","msg":"Fetch GitHub commit ID from kodata failed: \"ref: refs/heads/master\" is not a valid GitHub commit ID"}
{"level":"info","ts":1574881282.8178225,"logger":"fallback-logger","caller":"git/git.go:102","msg":"Successfully cloned https://github.com/cb-kubecd/environment-pr-86-8-boot-vault-gke-staging.git @ master in path /workspace/source"}

Showing logs for build [32mcb-kubecd-environment-pr-86-8-b-tj4mz-1[0m stage [32mfrom-build-pack[0m and container [32mstep-git-merge[0m
Using SHAs from PULL_REFS=master:98add1c464fd3d83e6eaff673f0ad9e2f84a91e8,4:0f5123b969e04e9fcb2aa9135e6a6e85c954d207
DEBUG: ran git fetch --unshallow origin 0f5123b969e04e9fcb2aa9135e6a6e85c954d207: 98add1c464fd3d83e6eaff673f0ad9e2f84a91e8: in 
DEBUG: ran git checkout master in 
DEBUG: ran git reset --hard 98add1c464fd3d83e6eaff673f0ad9e2f84a91e8 in 
DEBUG: ran clean --force -d . in 
DEBUG: ran git merge 0f5123b969e04e9fcb2aa9135e6a6e85c954d207 in 
Merged SHA 0f5123b969e04e9fcb2aa9135e6a6e85c954d207 with commit message 'chore: Promote bdd-nh-1574878375 to version 0.0.1' into base branch master

Showing logs for build [32mcb-kubecd-environment-pr-86-8-b-tj4mz-1[0m stage [32mfrom-build-pack[0m and container [32mstep-build-helm-build[0m
WARNING: No $CHART_REPOSITORY defined so using the default value of: http://jenkins-x-chartmuseum:8080
Adding missing Helm repo: storage.googleapis.com https://storage.googleapis.com/chartmuseum.jenkins-x.io
Read credentials for https://storage.googleapis.com/chartmuseum.jenkins-x.io from vault helm/repos
Successfully added Helm repository storage.googleapis.com.
Adding missing Helm repo: jenkins-x-chartmuseum http://jenkins-x-chartmuseum:8080
Read credentials for http://jenkins-x-chartmuseum:8080 from vault helm/repos
Successfully added Helm repository jenkins-x-chartmuseum.
WARNING: No $CHART_REPOSITORY defined so using the default value of: http://jenkins-x-chartmuseum:8080
Adding missing Helm repo: chartmuseum.jenkins-x.io http://chartmuseum.jenkins-x.io
Read credentials for http://chartmuseum.jenkins-x.io from vault helm/repos
Successfully added Helm repository chartmuseum.jenkins-x.io.
